{"/Users/Amer/Desktop/MoshTix/show-us-what-you-got-master/test-two/src/index.js": {"path":"/Users/Amer/Desktop/MoshTix/show-us-what-you-got-master/test-two/src/index.js","statementMap":{"0":{"start":{"line":6,"column":16},"end":{"line":6,"column":41}},"1":{"start":{"line":7,"column":23},"end":{"line":7,"column":31}},"2":{"start":{"line":8,"column":27},"end":{"line":8,"column":53}},"3":{"start":{"line":10,"column":21},"end":{"line":10,"column":24}},"4":{"start":{"line":11,"column":11},"end":{"line":11,"column":12}},"5":{"start":{"line":12,"column":16},"end":{"line":12,"column":18}},"6":{"start":{"line":14,"column":18},"end":{"line":50,"column":1}},"7":{"start":{"line":15,"column":2},"end":{"line":49,"column":3}},"8":{"start":{"line":16,"column":16},"end":{"line":22,"column":5}},"9":{"start":{"line":23,"column":17},"end":{"line":23,"column":29}},"10":{"start":{"line":24,"column":4},"end":{"line":40,"column":5}},"11":{"start":{"line":27,"column":7},"end":{"line":33,"column":8}},"12":{"start":{"line":34,"column":6},"end":{"line":34,"column":28}},"13":{"start":{"line":35,"column":6},"end":{"line":37,"column":7}},"14":{"start":{"line":36,"column":8},"end":{"line":36,"column":28}},"15":{"start":{"line":39,"column":6},"end":{"line":39,"column":13}},"16":{"start":{"line":41,"column":3},"end":{"line":41,"column":45}},"17":{"start":{"line":42,"column":19},"end":{"line":44,"column":10}},"18":{"start":{"line":43,"column":6},"end":{"line":43,"column":50}},"19":{"start":{"line":46,"column":4},"end":{"line":46,"column":16}},"20":{"start":{"line":48,"column":4},"end":{"line":48,"column":29}},"21":{"start":{"line":52,"column":0},"end":{"line":52,"column":5}}},"fnMap":{"0":{"name":"(anonymous_0)","decl":{"start":{"line":14,"column":18},"end":{"line":14,"column":19}},"loc":{"start":{"line":14,"column":30},"end":{"line":50,"column":1}},"line":14},"1":{"name":"(anonymous_1)","decl":{"start":{"line":42,"column":35},"end":{"line":42,"column":36}},"loc":{"start":{"line":42,"column":53},"end":{"line":44,"column":5}},"line":42}},"branchMap":{},"s":{"0":1,"1":1,"2":1,"3":1,"4":1,"5":1,"6":1,"7":3,"8":3,"9":1,"10":1,"11":1,"12":1,"13":1,"14":3,"15":1,"16":1,"17":1,"18":3,"19":1,"20":1,"21":1},"f":{"0":3,"1":3},"b":{},"_coverageSchema":"332fd63041d2c1bcb487cc26dd0d5f7d97098a6c","hash":"66e909c6db0a4c131d38af1d0bf64dc8c3c8ef73"}
}
